sample.interval=20000
"<Anonymous>" "FUN" "lapply" "sapply" "pr.std.diffusivity" "lapply" "sapply" "pr.diffusivity" "lapply" "sapply" "pr.effective.diffusivity" "FUN" "apply" "f" "func" "<Anonymous>" ".Call" "stode" "steady" "multiroot" "pr.effectiveness.factor" "effectiveness.factor" "bed.db" "func" "Func" "eval" "checkFuncEuler" "rk" "ode" 
"standardGeneric" "diag" "f" "func" "<Anonymous>" ".Call" "stode" "steady" "multiroot" "pr.effectiveness.factor" "effectiveness.factor" "bed.db" "func" "Func" "eval" "checkFuncEuler" "rk" "ode" 
"apply" "f" "func" "<Anonymous>" ".Call" "stode" "steady" "multiroot" "pr.effectiveness.factor" "effectiveness.factor" "bed.db" "func" "Func" "eval" "checkFuncEuler" "rk" "ode" 
"lapply" "sapply" "pr.diffusivity" "lapply" "sapply" "pr.effective.diffusivity" "FUN" "apply" "f" "func" "<Anonymous>" ".Call" "stode" "steady" "multiroot" "pr.effectiveness.factor" "effectiveness.factor" "bed.db" "func" "Func" "eval" "checkFuncEuler" "rk" "ode" 
"FUN" "apply" "f" "func" "<Anonymous>" ".Call" "stode" "steady" "multiroot" "pr.effectiveness.factor" "effectiveness.factor" "bed.db" "func" "<Anonymous>" ".Call" "rk" "ode" 
"unlist" "simplify2array" "sapply" "pr.std.diffusivity" "lapply" "sapply" "pr.diffusivity" "lapply" "sapply" "pr.effective.diffusivity" "FUN" "apply" "f" "func" "<Anonymous>" ".Call" "stode" "steady" "multiroot" "pr.effectiveness.factor" "effectiveness.factor" "bed.db" "func" "<Anonymous>" ".Call" "rk" "ode" 
"getNamespace" ".requirePackage" ".classEnv" "%*%" "%*%" "%*%" "standardGeneric" "as.vector" "f" "func" "<Anonymous>" ".Call" "stode" "steady" "multiroot" "pr.effectiveness.factor" "effectiveness.factor" "bed.db" "func" "<Anonymous>" ".Call" "rk" "ode" 
"<Anonymous>" "FUN" "lapply" "sapply" "pr.std.diffusivity" "lapply" "sapply" "pr.diffusivity" "lapply" "sapply" "pr.effective.diffusivity" "FUN" "apply" "f" "func" "<Anonymous>" ".Call" "stode" "steady" "multiroot" "pr.effectiveness.factor" "effectiveness.factor" "bed.db" "func" "<Anonymous>" ".Call" "rk" "ode" 
"<Anonymous>" "FUN" "lapply" "sapply" "pr.std.diffusivity" "lapply" "sapply" "pr.diffusivity" "lapply" "sapply" "pr.effective.diffusivity" "FUN" "apply" "f" "func" "<Anonymous>" ".Call" "stode" "steady" "multiroot" "pr.effectiveness.factor" "effectiveness.factor" "bed.db" "func" "<Anonymous>" ".Call" "rk" "ode" 
"^" "FUN" "lapply" "sapply" "pr.diffusivity" "lapply" "sapply" "pr.effective.diffusivity" "FUN" "apply" "f" "func" "<Anonymous>" ".Call" "stode" "steady" "multiroot" "pr.effectiveness.factor" "effectiveness.factor" "bed.db" "func" "<Anonymous>" ".Call" "rk" "ode" 
"unlist" "simplify2array" "sapply" "pr.std.diffusivity" "lapply" "sapply" "pr.diffusivity" "lapply" "sapply" "pr.effective.diffusivity" "FUN" "apply" "f" "func" "<Anonymous>" ".Call" "stode" "steady" "multiroot" "pr.effectiveness.factor" "effectiveness.factor" "bed.db" "func" "<Anonymous>" ".Call" "rk" "ode" 
"array" "apply" "f" "func" "<Anonymous>" ".Call" "stode" "steady" "multiroot" "pr.effectiveness.factor" "effectiveness.factor" "bed.db" "func" "<Anonymous>" ".Call" "rk" "ode" 
"stode" "steady" "multiroot" "pr.effectiveness.factor" "effectiveness.factor" "bed.db" "func" "<Anonymous>" ".Call" "rk" "ode" 
"apply" "f" "func" "<Anonymous>" ".Call" "stode" "steady" "multiroot" "pr.effectiveness.factor" "effectiveness.factor" "bed.db" "func" "<Anonymous>" ".Call" "rk" "ode" 
"f" "func" "<Anonymous>" ".Call" "stode" "steady" "multiroot" "pr.effectiveness.factor" "effectiveness.factor" "bed.db" "func" "<Anonymous>" ".Call" "rk" "ode" 
"lapply" "sapply" "pr.effective.diffusivity" "FUN" "apply" "f" "func" "<Anonymous>" ".Call" "stode" "steady" "multiroot" "pr.effectiveness.factor" "effectiveness.factor" "bed.db" "func" "<Anonymous>" ".Call" "rk" "ode" 
"unique" "simplify2array" "sapply" "pr.effective.diffusivity" "FUN" "apply" "f" "func" "<Anonymous>" ".Call" "stode" "steady" "multiroot" "pr.effectiveness.factor" "effectiveness.factor" "bed.db" "func" "<Anonymous>" ".Call" "rk" "ode" 
"pr.reaction.rate.NH3" "FUN" "apply" "f" "func" "<Anonymous>" ".Call" "stode" "steady" "multiroot" "pr.effectiveness.factor" "effectiveness.factor" "bed.db" "func" "<Anonymous>" ".Call" "rk" "ode" 
"dimnames" "apply" "f" "func" "<Anonymous>" ".Call" "stode" "steady" "multiroot" "pr.effectiveness.factor" "effectiveness.factor" "bed.db" "func" "<Anonymous>" ".Call" "rk" "ode" 
"lapply" "sapply" "pr.effective.diffusivity" "FUN" "apply" "f" "func" "<Anonymous>" ".Call" "stode" "steady" "multiroot" "pr.effectiveness.factor" "effectiveness.factor" "bed.db" "func" "<Anonymous>" ".Call" "rk" "ode" 
"/" "<Anonymous>" "FUN" "lapply" "sapply" "pr.std.diffusivity" "lapply" "sapply" "pr.diffusivity" "lapply" "sapply" "pr.effective.diffusivity" "FUN" "apply" "f" "func" "<Anonymous>" ".Call" "stode" "steady" "multiroot" "pr.effectiveness.factor" "effectiveness.factor" "bed.db" "func" "<Anonymous>" ".Call" "rk" "ode" 
"<Anonymous>" "do.call" "FUN" "lapply" "sapply" "f" "func" "<Anonymous>" ".Call" "stode" "steady" "multiroot" "pr.effectiveness.factor" "effectiveness.factor" "bed.db" "func" "<Anonymous>" ".Call" "rk" "ode" 
"vapply" "apply" "f" "func" "<Anonymous>" ".Call" "stode" "steady" "multiroot" "pr.effectiveness.factor" "effectiveness.factor" "bed.db" "func" "<Anonymous>" ".Call" "rk" "ode" 
"unique.default" "unique" "simplify2array" "sapply" "pr.diffusivity" "lapply" "sapply" "pr.effective.diffusivity" "FUN" "apply" "f" "func" "<Anonymous>" ".Call" "stode" "steady" "multiroot" "pr.effectiveness.factor" "effectiveness.factor" "bed.db" "func" "<Anonymous>" ".Call" "rk" "ode" 
"FUN" "lapply" "sapply" "f" "func" "<Anonymous>" ".Call" "stode" "steady" "multiroot" "pr.effectiveness.factor" "effectiveness.factor" "bed.db" "func" "<Anonymous>" ".Call" "rk" "ode" 
"<Anonymous>" "FUN" "lapply" "sapply" "pr.std.diffusivity" "lapply" "sapply" "pr.diffusivity" "lapply" "sapply" "pr.effective.diffusivity" "FUN" "apply" "f" "func" "<Anonymous>" ".Call" "stode" "steady" "multiroot" "pr.effectiveness.factor" "effectiveness.factor" "bed.db" "func" "<Anonymous>" ".Call" "rk" "ode" 
"lapply" "sapply" "pr.diffusivity" "lapply" "sapply" "pr.effective.diffusivity" "FUN" "apply" "f" "func" "<Anonymous>" ".Call" "stode" "steady" "multiroot" "pr.effectiveness.factor" "effectiveness.factor" "bed.db" "func" "<Anonymous>" ".Call" "rk" "ode" 
"pr.reaction.rate.NH3" "FUN" "apply" "f" "func" "<Anonymous>" ".Call" "stode" "steady" "multiroot" "pr.effectiveness.factor" "effectiveness.factor" "bed.db" "func" "<Anonymous>" ".Call" "rk" "ode" 
"FUN" "lapply" "sapply" "pr.diffusivity" "lapply" "sapply" "pr.effective.diffusivity" "FUN" "apply" "f" "func" "<Anonymous>" ".Call" "stode" "steady" "multiroot" "pr.effectiveness.factor" "effectiveness.factor" "bed.db" "func" "<Anonymous>" ".Call" "rk" "ode" 
"pr.reaction.rate.NH3" "FUN" "apply" "f" "func" "<Anonymous>" ".Call" "stode" "steady" "multiroot" "pr.effectiveness.factor" "effectiveness.factor" "bed.db" "func" "<Anonymous>" ".Call" "rk" "ode" 
"unlist" "simplify2array" "sapply" "pr.diffusivity" "lapply" "sapply" "pr.effective.diffusivity" "FUN" "apply" "f" "func" "<Anonymous>" ".Call" "stode" "steady" "multiroot" "pr.effectiveness.factor" "effectiveness.factor" "bed.db" "func" "<Anonymous>" ".Call" "rk" "ode" 
"mass.to.mole" "FUN" "lapply" "sapply" ".local" "flow.rate" "standardGeneric" "flow.rate" "FUN" "lapply" "sapply" ".local" "fraction" "standardGeneric" "fraction" ".local" "fugacity" "standardGeneric" "fugacity" ".local" "RNH3" "standardGeneric" "RNH3" "bed.db" "func" "<Anonymous>" ".Call" "rk" "ode" 
"<Anonymous>" "do.call" "FUN" "lapply" "sapply" "f" "func" "<Anonymous>" ".Call" "stode" "steady" "multiroot" "pr.effectiveness.factor" "effectiveness.factor" "bed.db" "func" "<Anonymous>" ".Call" "rk" "ode" 
"colnames<-" "f" "func" "<Anonymous>" ".Call" "stode" "steady" "multiroot" "pr.effectiveness.factor" "effectiveness.factor" "bed.db" "func" "<Anonymous>" ".Call" "rk" "ode" 
"^" "pr.reaction.rate.NH3" "FUN" "apply" "f" "func" "<Anonymous>" ".Call" "stode" "steady" "multiroot" "pr.effectiveness.factor" "effectiveness.factor" "bed.db" "func" "<Anonymous>" ".Call" "rk" "ode" 
"unique" "simplify2array" "sapply" "pr.effective.diffusivity" "FUN" "apply" "f" "func" "<Anonymous>" ".Call" "stode" "steady" "multiroot" "pr.effectiveness.factor" "effectiveness.factor" "bed.db" "func" "<Anonymous>" ".Call" "rk" "ode" 
"lapply" "sapply" ".local" "heat.capacity" "standardGeneric" "heat.capacity" "bed.db" "func" "<Anonymous>" ".Call" "rk" "ode" 
"apply" "f" "func" "<Anonymous>" ".Call" "stode" "steady" "multiroot" "pr.effectiveness.factor" "effectiveness.factor" "bed.db" "func" "<Anonymous>" ".Call" "rk" "ode" 
"f" "func" "<Anonymous>" ".Call" "stode" "steady" "multiroot" "pr.effectiveness.factor" "effectiveness.factor" "bed.db" "func" "<Anonymous>" ".Call" "rk" "ode" 
"sapply" "pr.effective.diffusivity" "FUN" "apply" "f" "func" "<Anonymous>" ".Call" "stode" "steady" "multiroot" "pr.effectiveness.factor" "effectiveness.factor" "bed.db" "func" "<Anonymous>" ".Call" "rk" "ode" 
"lapply" "sapply" "pr.std.diffusivity" "lapply" "sapply" "pr.diffusivity" "lapply" "sapply" "pr.effective.diffusivity" "FUN" "apply" "f" "func" "<Anonymous>" ".Call" "stode" "steady" "multiroot" "pr.effectiveness.factor" "effectiveness.factor" "bed.db" "func" "<Anonymous>" ".Call" "rk" "ode" 
"lengths" "unique" "simplify2array" "sapply" ".local" "flow.rate" "standardGeneric" "flow.rate" "to.call" ".local" "fraction" "standardGeneric" "fraction" ".local" "recalculate.stream" "standardGeneric" "recalculate.stream" "func" "<Anonymous>" ".Call" "rk" "ode" 
"lapply" "sapply" "pr.std.diffusivity" "lapply" "sapply" "pr.diffusivity" "lapply" "sapply" "pr.effective.diffusivity" "FUN" "apply" "f" "func" "<Anonymous>" ".Call" "stode" "steady" "multiroot" "pr.effectiveness.factor" "effectiveness.factor" "bed.db" "func" "<Anonymous>" ".Call" "rk" "ode" 
"standardGeneric" "t" "f" "func" "<Anonymous>" ".Call" "stode" "steady" "multiroot" "pr.effectiveness.factor" "effectiveness.factor" "bed.db" "func" "<Anonymous>" ".Call" "rk" "ode" 
"match.fun" "sapply" ".local" "flow.rate" "standardGeneric" "flow.rate" "FUN" "lapply" "sapply" ".local" "fraction" "standardGeneric" "fraction" ".local" "fugacity" "standardGeneric" "fugacity" ".local" "RNH3" "standardGeneric" "RNH3" "bed.db" "func" "<Anonymous>" ".Call" "rk" "ode" 
"%*%" "%*%" "%*%" "standardGeneric" "as.vector" "f" "func" "<Anonymous>" ".Call" "stode" "steady" "multiroot" "pr.effectiveness.factor" "effectiveness.factor" "bed.db" "func" "<Anonymous>" ".Call" "rk" "ode" 
"<Anonymous>" "FUN" "lapply" "sapply" "pr.std.diffusivity" "lapply" "sapply" "pr.diffusivity" "lapply" "sapply" "pr.effective.diffusivity" "FUN" "apply" "f" "func" "<Anonymous>" ".Call" "stode" "steady" "multiroot" "pr.effectiveness.factor" "effectiveness.factor" "bed.db" "func" "<Anonymous>" ".Call" "rk" "ode" 
"t" "standardGeneric" "t" "f" "func" "<Anonymous>" ".Call" "stode" "steady" "multiroot" "pr.effectiveness.factor" "effectiveness.factor" "bed.db" "func" "<Anonymous>" ".Call" "rk" "ode" 
"lapply" "sapply" "f" "func" "<Anonymous>" ".Call" "stode" "steady" "multiroot" "pr.effectiveness.factor" "effectiveness.factor" "bed.db" "func" "<Anonymous>" ".Call" "rk" "ode" 
"lapply" "sapply" ".local" "flow.rate" "standardGeneric" "flow.rate" "to.call" ".local" "fraction" "standardGeneric" "fraction" ".local" "recalculate.stream" "standardGeneric" "recalculate.stream" "func" "<Anonymous>" ".Call" "rk" "ode" 
"do.call" "FUN" "lapply" "sapply" "f" "func" "<Anonymous>" ".Call" "stode" "steady" "multiroot" "pr.effectiveness.factor" "effectiveness.factor" "bed.db" "func" "<Anonymous>" ".Call" "rk" "ode" 
"unlist" "simplify2array" "sapply" "pr.std.diffusivity" "lapply" "sapply" "pr.diffusivity" "lapply" "sapply" "pr.effective.diffusivity" "FUN" "apply" "f" "func" "<Anonymous>" ".Call" "stode" "steady" "multiroot" "pr.effectiveness.factor" "effectiveness.factor" "bed.db" "func" "<Anonymous>" ".Call" "rk" "ode" 
"<Anonymous>" ".Call" "stode" "steady" "multiroot" "pr.effectiveness.factor" "effectiveness.factor" "bed.db" "func" "<Anonymous>" ".Call" "rk" "ode" 
"exp" "pr.kinetic.constant" "f" "func" "<Anonymous>" ".Call" "stode" "steady" "multiroot" "pr.effectiveness.factor" "effectiveness.factor" "bed.db" "func" "<Anonymous>" ".Call" "rk" "ode" 
"lapply" "sapply" "pr.diffusivity" "lapply" "sapply" "pr.effective.diffusivity" "FUN" "apply" "f" "func" "<Anonymous>" ".Call" "stode" "steady" "multiroot" "pr.effectiveness.factor" "effectiveness.factor" "bed.db" "func" "<Anonymous>" ".Call" "rk" "ode" 
"sapply" "pr.std.diffusivity" "lapply" "sapply" "pr.diffusivity" "lapply" "sapply" "pr.effective.diffusivity" "FUN" "apply" "f" "func" "<Anonymous>" ".Call" "stode" "steady" "multiroot" "pr.effectiveness.factor" "effectiveness.factor" "bed.db" "func" "<Anonymous>" ".Call" "rk" "ode" 
"lengths" "unique" "simplify2array" "sapply" "pr.std.diffusivity" "lapply" "sapply" "pr.diffusivity" "lapply" "sapply" "pr.effective.diffusivity" "FUN" "apply" "f" "func" "<Anonymous>" ".Call" "stode" "steady" "multiroot" "pr.effectiveness.factor" "effectiveness.factor" "bed.db" "func" "<Anonymous>" ".Call" "rk" "ode" 
"standardGeneric" "diag" "f" "func" "<Anonymous>" ".Call" "stode" "steady" "multiroot" "pr.effectiveness.factor" "effectiveness.factor" "bed.db" "func" "<Anonymous>" ".Call" "rk" "ode" 
".getClassFromCache" "getClass" "%*%" "%*%" "%*%" "standardGeneric" "as.vector" "f" "func" "<Anonymous>" ".Call" "stode" "steady" "multiroot" "pr.effectiveness.factor" "effectiveness.factor" "bed.db" "func" "<Anonymous>" ".Call" "rk" "ode" 
"unlist" "simplify2array" "sapply" "pr.diffusivity" "lapply" "sapply" "pr.effective.diffusivity" "FUN" "apply" "f" "func" "<Anonymous>" ".Call" "stode" "steady" "multiroot" "pr.effectiveness.factor" "effectiveness.factor" "bed.db" "func" "<Anonymous>" ".Call" "rk" "ode" 
"aperm" "apply" "f" "func" "<Anonymous>" ".Call" "stode" "steady" "multiroot" "pr.effectiveness.factor" "effectiveness.factor" "bed.db" "func" "<Anonymous>" ".Call" "rk" "ode" 
"unique" "simplify2array" "sapply" "f" "func" "<Anonymous>" ".Call" "stode" "steady" "multiroot" "pr.effectiveness.factor" "effectiveness.factor" "bed.db" "func" "<Anonymous>" ".Call" "rk" "ode" 
"unique.default" "unique" "simplify2array" "sapply" ".local" "flow.rate" "standardGeneric" "flow.rate" "FUN" "lapply" "sapply" ".local" "fraction" "standardGeneric" "fraction" ".local" "fugacity" "standardGeneric" "fugacity" ".local" "total.concentration" "standardGeneric" "total.concentration" "f" "func" "Func2" "eval" "stode" "steady" "multiroot" "pr.effectiveness.factor" "effectiveness.factor" "bed.db" "func" "<Anonymous>" ".Call" "rk" "ode" 
"unique" "simplify2array" "sapply" "pr.diffusivity" "lapply" "sapply" "pr.effective.diffusivity" "FUN" "apply" "f" "func" "<Anonymous>" ".Call" "stode" "steady" "multiroot" "pr.effectiveness.factor" "effectiveness.factor" "bed.db" "func" "<Anonymous>" ".Call" "rk" "ode" 
"pr.diffusivity" "lapply" "sapply" "pr.effective.diffusivity" "FUN" "apply" "f" "func" "<Anonymous>" ".Call" "stode" "steady" "multiroot" "pr.effectiveness.factor" "effectiveness.factor" "bed.db" "func" "<Anonymous>" ".Call" "rk" "ode" 
"FUN" "lapply" "sapply" "pr.std.diffusivity" "lapply" "sapply" "pr.diffusivity" "lapply" "sapply" "pr.effective.diffusivity" "FUN" "apply" "f" "func" "<Anonymous>" ".Call" "stode" "steady" "multiroot" "pr.effectiveness.factor" "effectiveness.factor" "bed.db" "func" "<Anonymous>" ".Call" "rk" "ode" 
"-" "pr.equilibrium.constant" "f" "func" "<Anonymous>" ".Call" "stode" "steady" "multiroot" "pr.effectiveness.factor" "effectiveness.factor" "bed.db" "func" "<Anonymous>" ".Call" "rk" "ode" 
"lapply" "sapply" "f" "func" "<Anonymous>" ".Call" "stode" "steady" "multiroot" "pr.effectiveness.factor" "effectiveness.factor" "bed.db" "func" "<Anonymous>" ".Call" "rk" "ode" 
"pr.diffusivity" "lapply" "sapply" "pr.effective.diffusivity" "FUN" "apply" "f" "func" "<Anonymous>" ".Call" "stode" "steady" "multiroot" "pr.effectiveness.factor" "effectiveness.factor" "bed.db" "func" "<Anonymous>" ".Call" "rk" "ode" 
"FUN" "lapply" "sapply" "pr.diffusivity" "lapply" "sapply" "pr.effective.diffusivity" "FUN" "apply" "f" "func" "<Anonymous>" ".Call" "stode" "steady" "multiroot" "pr.effectiveness.factor" "effectiveness.factor" "bed.db" "func" "<Anonymous>" ".Call" "rk" "ode" 
"<Anonymous>" "FUN" "lapply" "sapply" "pr.std.diffusivity" "lapply" "sapply" "pr.diffusivity" "lapply" "sapply" "pr.effective.diffusivity" "FUN" "apply" "f" "func" "<Anonymous>" ".Call" "stode" "steady" "multiroot" "pr.effectiveness.factor" "effectiveness.factor" "bed.db" "func" "<Anonymous>" ".Call" "rk" "ode" 
"apply" "f" "func" "Func2" "eval" "stode" "steady" "multiroot" "pr.effectiveness.factor" "effectiveness.factor" "bed.db" "func" "<Anonymous>" ".Call" "rk" "ode" 
".getClassFromCache" "getClass" "%*%" "%*%" "%*%" "standardGeneric" "as.vector" "f" "func" "<Anonymous>" ".Call" "stode" "steady" "multiroot" "pr.effectiveness.factor" "effectiveness.factor" "bed.db" "func" "<Anonymous>" ".Call" "rk" "ode" 
"apply" "f" "func" "<Anonymous>" ".Call" "stode" "steady" "multiroot" "pr.effectiveness.factor" "effectiveness.factor" "bed.db" "func" "<Anonymous>" ".Call" "rk" "ode" 
"is.function" "match.fun" "sapply" "pr.std.diffusivity" "lapply" "sapply" "pr.diffusivity" "lapply" "sapply" "pr.effective.diffusivity" "FUN" "apply" "f" "func" "<Anonymous>" ".Call" "stode" "steady" "multiroot" "pr.effectiveness.factor" "effectiveness.factor" "bed.db" "func" "<Anonymous>" ".Call" "rk" "ode" 
"aperm" "apply" "f" "func" "<Anonymous>" ".Call" "stode" "steady" "multiroot" "pr.effectiveness.factor" "effectiveness.factor" "bed.db" "func" "<Anonymous>" ".Call" "rk" "ode" 
"f" "func" "<Anonymous>" ".Call" "stode" "steady" "multiroot" "pr.effectiveness.factor" "effectiveness.factor" "bed.db" "func" "<Anonymous>" ".Call" "rk" "ode" 
"unique" "simplify2array" "sapply" "pr.diffusivity" "lapply" "sapply" "pr.effective.diffusivity" "FUN" "apply" "f" "func" "<Anonymous>" ".Call" "stode" "steady" "multiroot" "pr.effectiveness.factor" "effectiveness.factor" "bed.db" "func" "<Anonymous>" ".Call" "rk" "ode" 
"lapply" "sapply" "pr.std.diffusivity" "lapply" "sapply" "pr.diffusivity" "lapply" "sapply" "pr.effective.diffusivity" "FUN" "apply" "f" "func" "<Anonymous>" ".Call" "stode" "steady" "multiroot" "pr.effectiveness.factor" "effectiveness.factor" "bed.db" "func" "<Anonymous>" ".Call" "rk" "ode" 
"c" "f" "func" "<Anonymous>" ".Call" "stode" "steady" "multiroot" "pr.effectiveness.factor" "effectiveness.factor" "bed.db" "func" "<Anonymous>" ".Call" "rk" "ode" 
"vapply" "array" "apply" "f" "func" "<Anonymous>" ".Call" "stode" "steady" "multiroot" "pr.effectiveness.factor" "effectiveness.factor" "bed.db" "func" "<Anonymous>" ".Call" "rk" "ode" 
"%*%" "%*%" "%*%" "standardGeneric" "as.vector" "f" "func" "<Anonymous>" ".Call" "stode" "steady" "multiroot" "pr.effectiveness.factor" "effectiveness.factor" "bed.db" "func" "<Anonymous>" ".Call" "rk" "ode" 
"unlist" "simplify2array" "sapply" "pr.std.diffusivity" "lapply" "sapply" "pr.diffusivity" "lapply" "sapply" "pr.effective.diffusivity" "FUN" "apply" "f" "func" "<Anonymous>" ".Call" "stode" "steady" "multiroot" "pr.effectiveness.factor" "effectiveness.factor" "bed.db" "func" "<Anonymous>" ".Call" "rk" "ode" 
"<Anonymous>" "FUN" "lapply" "sapply" "pr.std.diffusivity" "lapply" "sapply" "pr.diffusivity" "lapply" "sapply" "pr.effective.diffusivity" "FUN" "apply" "f" "func" "<Anonymous>" ".Call" "stode" "steady" "multiroot" "pr.effectiveness.factor" "effectiveness.factor" "bed.db" "func" "<Anonymous>" ".Call" "rk" "ode" 
"apply" "f" "func" "<Anonymous>" ".Call" "stode" "steady" "multiroot" "pr.effectiveness.factor" "effectiveness.factor" "bed.db" "func" "<Anonymous>" ".Call" "rk" "ode" 
"/" "<Anonymous>" "FUN" "lapply" "sapply" "pr.std.diffusivity" "lapply" "sapply" "pr.diffusivity" "lapply" "sapply" "pr.effective.diffusivity" "FUN" "apply" "f" "func" "<Anonymous>" ".Call" "stode" "steady" "multiroot" "pr.effectiveness.factor" "effectiveness.factor" "bed.db" "func" "<Anonymous>" ".Call" "rk" "ode" 
"aperm.default" "aperm" "apply" "f" "func" "<Anonymous>" ".Call" "stode" "steady" "multiroot" "pr.effectiveness.factor" "effectiveness.factor" "bed.db" "func" "<Anonymous>" ".Call" "rk" "ode" 
"mass.to.mole" "to.call" ".local" "fraction" "standardGeneric" "fraction" "FUN" "lapply" "sapply" ".local" "heat.capacity" "standardGeneric" "heat.capacity" "bed.db" "func" "<Anonymous>" ".Call" "rk" "ode" 
"apply" "f" "func" "<Anonymous>" ".Call" "stode" "steady" "multiroot" "pr.effectiveness.factor" "effectiveness.factor" "bed.db" "func" "<Anonymous>" ".Call" "rk" "ode" 
"unlist" "simplify2array" "sapply" "pr.effective.diffusivity" "FUN" "apply" "f" "func" "<Anonymous>" ".Call" "stode" "steady" "multiroot" "pr.effectiveness.factor" "effectiveness.factor" "bed.db" "func" "<Anonymous>" ".Call" "rk" "ode" 
"standardGeneric" "as.vector" "as.vector" "standardGeneric" "as.vector" "f" "func" "<Anonymous>" ".Call" "stode" "steady" "multiroot" "pr.effectiveness.factor" "effectiveness.factor" "bed.db" "func" "<Anonymous>" ".Call" "rk" "ode" 
"match.fun" "sapply" "pr.effective.diffusivity" "FUN" "apply" "f" "func" "<Anonymous>" ".Call" "stode" "steady" "multiroot" "pr.effectiveness.factor" "effectiveness.factor" "bed.db" "func" "<Anonymous>" ".Call" "rk" "ode" 
"unlist" "simplify2array" "sapply" "pr.std.diffusivity" "lapply" "sapply" "pr.diffusivity" "lapply" "sapply" "pr.effective.diffusivity" "FUN" "apply" "f" "func" "<Anonymous>" ".Call" "stode" "steady" "multiroot" "pr.effectiveness.factor" "effectiveness.factor" "bed.db" "func" "<Anonymous>" ".Call" "rk" "ode" 
"apply" "f" "func" "<Anonymous>" ".Call" "stode" "steady" "multiroot" "pr.effectiveness.factor" "effectiveness.factor" "bed.db" "func" "<Anonymous>" ".Call" "rk" "ode" 
"unique" "simplify2array" "sapply" "pr.effective.diffusivity" "FUN" "apply" "f" "func" "<Anonymous>" ".Call" "stode" "steady" "multiroot" "pr.effectiveness.factor" "effectiveness.factor" "bed.db" "func" "<Anonymous>" ".Call" "rk" "ode" 
"unlist" "simplify2array" "sapply" "pr.effective.diffusivity" "FUN" "apply" "f" "func" "<Anonymous>" ".Call" "stode" "steady" "multiroot" "pr.effectiveness.factor" "effectiveness.factor" "bed.db" "func" "<Anonymous>" ".Call" "rk" "ode" 
"unique" "simplify2array" "sapply" "pr.effective.diffusivity" "FUN" "apply" "f" "func" "<Anonymous>" ".Call" "stode" "steady" "multiroot" "pr.effectiveness.factor" "effectiveness.factor" "bed.db" "func" "<Anonymous>" ".Call" "rk" "ode" 
"<Anonymous>" "do.call" "FUN" "lapply" "sapply" "f" "func" "<Anonymous>" ".Call" "stode" "steady" "multiroot" "pr.effectiveness.factor" "effectiveness.factor" "bed.db" "func" "<Anonymous>" ".Call" "rk" "ode" 
"lengths" "unique" "simplify2array" "sapply" "pr.effective.diffusivity" "FUN" "apply" "f" "func" "<Anonymous>" ".Call" "stode" "steady" "multiroot" "pr.effectiveness.factor" "effectiveness.factor" "bed.db" "func" "<Anonymous>" ".Call" "rk" "ode" 
"apply" "f" "func" "<Anonymous>" ".Call" "stode" "steady" "multiroot" "pr.effectiveness.factor" "effectiveness.factor" "bed.db" "func" "<Anonymous>" ".Call" "rk" "ode" 
"sapply" "pr.effective.diffusivity" "FUN" "apply" "f" "func" "<Anonymous>" ".Call" "stode" "steady" "multiroot" "pr.effectiveness.factor" "effectiveness.factor" "bed.db" "func" "<Anonymous>" ".Call" "rk" "ode" 
"match.fun" "lapply" "sapply" ".local" "fraction" "standardGeneric" "fraction" "element.match" "set.ocf" "pr.effectiveness.factor" "effectiveness.factor" "bed.db" "func" "<Anonymous>" ".Call" "rk" "ode" 
"pr.diffusivity" "lapply" "sapply" "pr.effective.diffusivity" "FUN" "apply" "f" "func" "<Anonymous>" ".Call" "stode" "steady" "multiroot" "pr.effectiveness.factor" "effectiveness.factor" "bed.db" "func" "<Anonymous>" ".Call" "rk" "ode" 
"<Anonymous>" "FUN" "lapply" "sapply" "pr.std.diffusivity" "lapply" "sapply" "pr.diffusivity" "lapply" "sapply" "pr.effective.diffusivity" "FUN" "apply" "f" "func" "<Anonymous>" ".Call" "stode" "steady" "multiroot" "pr.effectiveness.factor" "effectiveness.factor" "bed.db" "func" "<Anonymous>" ".Call" "rk" "ode" 
"+" "<Anonymous>" "FUN" "lapply" "sapply" "pr.std.diffusivity" "lapply" "sapply" "pr.diffusivity" "lapply" "sapply" "pr.effective.diffusivity" "FUN" "apply" "f" "func" "<Anonymous>" ".Call" "stode" "steady" "multiroot" "pr.effectiveness.factor" "effectiveness.factor" "bed.db" "func" "<Anonymous>" ".Call" "rk" "ode" 
"standardGeneric" "t" "f" "func" "<Anonymous>" ".Call" "stode" "steady" "multiroot" "pr.effectiveness.factor" "effectiveness.factor" "bed.db" "func" "<Anonymous>" ".Call" "rk" "ode" 
"unique.default" "unique" "simplify2array" "sapply" "pr.std.diffusivity" "lapply" "sapply" "pr.diffusivity" "lapply" "sapply" "pr.effective.diffusivity" "FUN" "apply" "f" "func" "<Anonymous>" ".Call" "stode" "steady" "multiroot" "pr.effectiveness.factor" "effectiveness.factor" "bed.db" "func" "<Anonymous>" ".Call" "rk" "ode" 
"^" "f" "func" "<Anonymous>" ".Call" "stode" "steady" "multiroot" "pr.effectiveness.factor" "effectiveness.factor" "bed.db" "func" "<Anonymous>" ".Call" "rk" "ode" 
"apply" "f" "func" "<Anonymous>" ".Call" "stode" "steady" "multiroot" "pr.effectiveness.factor" "effectiveness.factor" "bed.db" "func" "<Anonymous>" ".Call" "rk" "ode" 
".requirePackage" ".classEnv" "%*%" "%*%" "%*%" "standardGeneric" "as.vector" "f" "func" "<Anonymous>" ".Call" "stode" "steady" "multiroot" "pr.effectiveness.factor" "effectiveness.factor" "bed.db" "func" "<Anonymous>" ".Call" "rk" "ode" 
"match.fun" "lapply" "sapply" "pr.std.diffusivity" "lapply" "sapply" "pr.diffusivity" "lapply" "sapply" "pr.effective.diffusivity" "FUN" "apply" "f" "func" "<Anonymous>" ".Call" "stode" "steady" "multiroot" "pr.effectiveness.factor" "effectiveness.factor" "bed.db" "func" "<Anonymous>" ".Call" "rk" "ode" 
"FUN" "lapply" "sapply" "f" "func" "<Anonymous>" ".Call" "stode" "steady" "multiroot" "pr.effectiveness.factor" "effectiveness.factor" "bed.db" "func" "<Anonymous>" ".Call" "rk" "ode" 
"lapply" "sapply" "pr.diffusivity" "lapply" "sapply" "pr.effective.diffusivity" "FUN" "apply" "f" "func" "<Anonymous>" ".Call" "stode" "steady" "multiroot" "pr.effectiveness.factor" "effectiveness.factor" "bed.db" "func" "<Anonymous>" ".Call" "rk" "ode" 
"sapply" "pr.std.diffusivity" "lapply" "sapply" "pr.diffusivity" "lapply" "sapply" "pr.effective.diffusivity" "FUN" "apply" "f" "func" "<Anonymous>" ".Call" "stode" "steady" "multiroot" "pr.effectiveness.factor" "effectiveness.factor" "bed.db" "func" "<Anonymous>" ".Call" "rk" "ode" 
"unique.default" "unique" "simplify2array" "sapply" ".local" "flow.rate" "standardGeneric" "flow.rate" "FUN" "lapply" "sapply" ".local" "fraction" "standardGeneric" "fraction" "element.match" "set.ocf" "pr.effectiveness.factor" "effectiveness.factor" "bed.db" "func" "<Anonymous>" ".Call" "rk" "ode" 
"t.default" "t" "standardGeneric" "t" "f" "func" "<Anonymous>" ".Call" "stode" "steady" "multiroot" "pr.effectiveness.factor" "effectiveness.factor" "bed.db" "func" "<Anonymous>" ".Call" "rk" "ode" 
"lapply" "sapply" "pr.effective.diffusivity" "FUN" "apply" "f" "func" "<Anonymous>" ".Call" "stode" "steady" "multiroot" "pr.effectiveness.factor" "effectiveness.factor" "bed.db" "func" "<Anonymous>" ".Call" "rk" "ode" 
"sapply" "pr.effective.diffusivity" "FUN" "apply" "f" "func" "<Anonymous>" ".Call" "stode" "steady" "multiroot" "pr.effectiveness.factor" "effectiveness.factor" "bed.db" "func" "<Anonymous>" ".Call" "rk" "ode" 
"sapply" "pr.effective.diffusivity" "FUN" "apply" "f" "func" "<Anonymous>" ".Call" "stode" "steady" "multiroot" "pr.effectiveness.factor" "effectiveness.factor" "bed.db" "func" "<Anonymous>" ".Call" "rk" "ode" 
"sapply" "pr.diffusivity" "lapply" "sapply" "pr.effective.diffusivity" "FUN" "apply" "f" "func" "<Anonymous>" ".Call" "stode" "steady" "multiroot" "pr.effectiveness.factor" "effectiveness.factor" "bed.db" "func" "<Anonymous>" ".Call" "rk" "ode" 
"<Anonymous>" "FUN" "lapply" "sapply" "pr.std.diffusivity" "lapply" "sapply" "pr.diffusivity" "lapply" "sapply" "pr.effective.diffusivity" "FUN" "apply" "f" "func" "<Anonymous>" ".Call" "stode" "steady" "multiroot" "pr.effectiveness.factor" "effectiveness.factor" "bed.db" "func" "<Anonymous>" ".Call" "rk" "ode" 
"/" "<Anonymous>" "FUN" "lapply" "sapply" "pr.std.diffusivity" "lapply" "sapply" "pr.diffusivity" "lapply" "sapply" "pr.effective.diffusivity" "FUN" "apply" "f" "func" "<Anonymous>" ".Call" "stode" "steady" "multiroot" "pr.effectiveness.factor" "effectiveness.factor" "bed.db" "func" "<Anonymous>" ".Call" "rk" "ode" 
"FUN" "lapply" "sapply" "pr.effective.diffusivity" "FUN" "apply" "f" "func" "<Anonymous>" ".Call" "stode" "steady" "multiroot" "pr.effectiveness.factor" "effectiveness.factor" "bed.db" "func" "<Anonymous>" ".Call" "rk" "ode" 
"standardGeneric" "diag" "f" "func" "<Anonymous>" ".Call" "stode" "steady" "multiroot" "pr.effectiveness.factor" "effectiveness.factor" "bed.db" "func" "<Anonymous>" ".Call" "rk" "ode" 
"lapply" "sapply" "pr.diffusivity" "lapply" "sapply" "pr.effective.diffusivity" "FUN" "apply" "f" "func" "<Anonymous>" ".Call" "stode" "steady" "multiroot" "pr.effectiveness.factor" "effectiveness.factor" "bed.db" "func" "<Anonymous>" ".Call" "rk" "ode" 
"FUN" "apply" "f" "func" "<Anonymous>" ".Call" "stode" "steady" "multiroot" "pr.effectiveness.factor" "effectiveness.factor" "bed.db" "func" "<Anonymous>" ".Call" "rk" "ode" 
".getClassFromCache" "getClass" "%*%" "%*%" "%*%" "standardGeneric" "as.vector" "f" "func" "<Anonymous>" ".Call" "stode" "steady" "multiroot" "pr.effectiveness.factor" "effectiveness.factor" "bed.db" "func" "<Anonymous>" ".Call" "rk" "ode" 
"unlist" "simplify2array" "sapply" "pr.std.diffusivity" "lapply" "sapply" "pr.diffusivity" "lapply" "sapply" "pr.effective.diffusivity" "FUN" "apply" "f" "func" "<Anonymous>" ".Call" "stode" "steady" "multiroot" "pr.effectiveness.factor" "effectiveness.factor" "bed.db" "func" "<Anonymous>" ".Call" "rk" "ode" 
"<Anonymous>" "FUN" "lapply" "sapply" "pr.std.diffusivity" "lapply" "sapply" "pr.diffusivity" "lapply" "sapply" "pr.effective.diffusivity" "FUN" "apply" "f" "func" "<Anonymous>" ".Call" "stode" "steady" "multiroot" "pr.effectiveness.factor" "effectiveness.factor" "bed.db" "func" "<Anonymous>" ".Call" "rk" "ode" 
"FUN" "lapply" "sapply" "pr.std.diffusivity" "lapply" "sapply" "pr.diffusivity" "lapply" "sapply" "pr.effective.diffusivity" "FUN" "apply" "f" "func" "<Anonymous>" ".Call" "stode" "steady" "multiroot" "pr.effectiveness.factor" "effectiveness.factor" "bed.db" "func" "<Anonymous>" ".Call" "rk" "ode" 
"%*%" "%*%" "%*%" "standardGeneric" "as.vector" "f" "func" "<Anonymous>" ".Call" "stode" "steady" "multiroot" "pr.effectiveness.factor" "effectiveness.factor" "bed.db" "func" "<Anonymous>" ".Call" "rk" "ode" 
"f" "multiroot" "pr.effectiveness.factor" "effectiveness.factor" "bed.db" "func" "<Anonymous>" ".Call" "rk" "ode" 
"unique" "simplify2array" "sapply" "pr.std.diffusivity" "lapply" "sapply" "pr.diffusivity" "lapply" "sapply" "pr.effective.diffusivity" "FUN" "apply" "f" "func" "<Anonymous>" ".Call" "stode" "steady" "multiroot" "pr.effectiveness.factor" "effectiveness.factor" "bed.db" "func" "<Anonymous>" ".Call" "rk" "ode" 
"unique" "simplify2array" "sapply" "pr.std.diffusivity" "lapply" "sapply" "pr.diffusivity" "lapply" "sapply" "pr.effective.diffusivity" "FUN" "apply" "f" "func" "<Anonymous>" ".Call" "stode" "steady" "multiroot" "pr.effectiveness.factor" "effectiveness.factor" "bed.db" "func" "<Anonymous>" ".Call" "rk" "ode" 
"t.default" "t" "standardGeneric" "t" "f" "func" "<Anonymous>" ".Call" "stode" "steady" "multiroot" "pr.effectiveness.factor" "effectiveness.factor" "bed.db" "func" "<Anonymous>" ".Call" "rk" "ode" 
"+" "FUN" "lapply" "sapply" "pr.diffusivity" "lapply" "sapply" "pr.effective.diffusivity" "FUN" "apply" "f" "func" "<Anonymous>" ".Call" "stode" "steady" "multiroot" "pr.effectiveness.factor" "effectiveness.factor" "bed.db" "func" "<Anonymous>" ".Call" "rk" "ode" 
"match.fun" "sapply" "pr.std.diffusivity" "lapply" "sapply" "pr.diffusivity" "lapply" "sapply" "pr.effective.diffusivity" "FUN" "apply" "f" "func" "<Anonymous>" ".Call" "stode" "steady" "multiroot" "pr.effectiveness.factor" "effectiveness.factor" "bed.db" "func" "<Anonymous>" ".Call" "rk" "ode" 
"sapply" ".local" "flow.rate" "standardGeneric" "flow.rate" "to.call" ".local" "fraction" "standardGeneric" "fraction" "FUN" "lapply" "sapply" ".local" "heat.capacity" "standardGeneric" "heat.capacity" "bed.db" "func" "<Anonymous>" ".Call" "rk" "ode" 
"unique" "simplify2array" "sapply" "pr.diffusivity" "lapply" "sapply" "pr.effective.diffusivity" "FUN" "apply" "f" "func" "<Anonymous>" ".Call" "stode" "steady" "multiroot" "pr.effectiveness.factor" "effectiveness.factor" "bed.db" "func" "<Anonymous>" ".Call" "rk" "ode" 
"apply" "f" "func" "<Anonymous>" ".Call" "stode" "steady" "multiroot" "pr.effectiveness.factor" "effectiveness.factor" "bed.db" "func" "<Anonymous>" ".Call" "rk" "ode" 
"is.factor" "unique.default" "unique" "simplify2array" "sapply" "pr.std.diffusivity" "lapply" "sapply" "pr.diffusivity" "lapply" "sapply" "pr.effective.diffusivity" "FUN" "apply" "f" "func" "<Anonymous>" ".Call" "stode" "steady" "multiroot" "pr.effectiveness.factor" "effectiveness.factor" "bed.db" "func" "<Anonymous>" ".Call" "rk" "ode" 
".getClassFromCache" "getClass" "%*%" "%*%" "%*%" "standardGeneric" "as.vector" "f" "func" "<Anonymous>" ".Call" "stode" "steady" "multiroot" "pr.effectiveness.factor" "effectiveness.factor" "bed.db" "func" "<Anonymous>" ".Call" "rk" "ode" 
"vapply" "apply" "f" "func" "<Anonymous>" ".Call" "stode" "steady" "multiroot" "pr.effectiveness.factor" "effectiveness.factor" "bed.db" "func" "<Anonymous>" ".Call" "rk" "ode" 
"%*%" "%*%" "%*%" "standardGeneric" "as.vector" "f" "func" "<Anonymous>" ".Call" "stode" "steady" "multiroot" "pr.effectiveness.factor" "effectiveness.factor" "bed.db" "func" "<Anonymous>" ".Call" "rk" "ode" 
"<Anonymous>" "do.call" "FUN" "lapply" "sapply" "f" "func" "<Anonymous>" ".Call" "stode" "steady" "multiroot" "pr.effectiveness.factor" "effectiveness.factor" "bed.db" "func" "<Anonymous>" ".Call" "rk" "ode" 
"pr.reaction.rate.NH3" "FUN" "apply" "f" "func" "<Anonymous>" ".Call" "stode" "steady" "multiroot" "pr.effectiveness.factor" "effectiveness.factor" "bed.db" "func" "<Anonymous>" ".Call" "rk" "ode" 
"unlist" "simplify2array" "sapply" "pr.diffusivity" "lapply" "sapply" "pr.effective.diffusivity" "FUN" "apply" "f" "func" "<Anonymous>" ".Call" "stode" "steady" "multiroot" "pr.effectiveness.factor" "effectiveness.factor" "bed.db" "func" "<Anonymous>" ".Call" "rk" "ode" 
"<Anonymous>" "FUN" "lapply" "sapply" "pr.std.diffusivity" "lapply" "sapply" "pr.diffusivity" "lapply" "sapply" "pr.effective.diffusivity" "FUN" "apply" "f" "func" "<Anonymous>" ".Call" "stode" "steady" "multiroot" "pr.effectiveness.factor" "effectiveness.factor" "bed.db" "func" "<Anonymous>" ".Call" "rk" "ode" 
"^" "<Anonymous>" "do.call" "FUN" "lapply" "sapply" "f" "func" "<Anonymous>" ".Call" "stode" "steady" "multiroot" "pr.effectiveness.factor" "effectiveness.factor" "bed.db" "func" "<Anonymous>" ".Call" "rk" "ode" 
"/" "<Anonymous>" "FUN" "lapply" "sapply" "pr.std.diffusivity" "lapply" "sapply" "pr.diffusivity" "lapply" "sapply" "pr.effective.diffusivity" "FUN" "apply" "f" "func" "<Anonymous>" ".Call" "stode" "steady" "multiroot" "pr.effectiveness.factor" "effectiveness.factor" "bed.db" "func" "<Anonymous>" ".Call" "rk" "ode" 
"unique" "simplify2array" "sapply" "pr.effective.diffusivity" "FUN" "apply" "f" "func" "<Anonymous>" ".Call" "stode" "steady" "multiroot" "pr.effectiveness.factor" "effectiveness.factor" "bed.db" "func" "<Anonymous>" ".Call" "rk" "ode" 
"-" "<Anonymous>" "do.call" "FUN" "lapply" "sapply" "f" "func" "<Anonymous>" ".Call" "stode" "steady" "multiroot" "pr.effectiveness.factor" "effectiveness.factor" "bed.db" "func" "<Anonymous>" ".Call" "rk" "ode" 
"apply" "f" "func" "<Anonymous>" ".Call" "stode" "steady" "multiroot" "pr.effectiveness.factor" "effectiveness.factor" "bed.db" "func" "<Anonymous>" ".Call" "rk" "ode" 
"sapply" ".local" "flow.rate" "standardGeneric" "flow.rate" "bed.db" "func" "<Anonymous>" ".Call" "rk" "ode" 
